2025-03-17 21:04:20.652 | INFO     | Job 1 - Executing job 'Test Job' (ID: 1)
2025-03-17 21:04:20.655 | INFO     | Job 1 - Running SFTP transfer job 'Test Job'
2025-03-17 21:04:20.655 | DEBUG    | Job 1 - Source path: /
2025-03-17 21:04:20.656 | DEBUG    | Job 1 - Destination path: /
2025-03-17 21:04:20.656 | DEBUG    | Job 1 - File pattern: *
2025-03-17 21:04:21.413 | INFO     | Job 1 - SFTP transfer complete: Successfully transferred 1 files
2025-03-17 21:04:21.420 | INFO     | Job 1 - Files transferred: dummy_20250113125251_8bff0419-a0c9-41c0-bda2-9d6710325172.dat → test-dummy_20250113125251_8bff0419-a0c9-41c0-bda2-9d6710325172.dat (1.02 MB)
2025-03-17 21:04:21.431 | INFO     | Job 1 - Job completed successfully: Successfully transferred 1 files
2025-03-17 21:04:21.431 | INFO     | Job 1 - Job execution task d0535127-ee4f-466f-b1c0-695bcf9abf5f completed with status: success
2025-03-17 21:04:21.437 | INFO     | Job 1 - Updated task status in job configuration to success
2025-03-17 21:07:39.749 | INFO     | Job 1 - Starting job execution task e76680be-ff02-48bb-8fe7-6cd09f844bea for job ID: 1
2025-03-17 21:07:39.775 | INFO     | Job 1 - Executing job 'Test Job' (ID: 1)
2025-03-17 21:07:39.778 | INFO     | Job 1 - Running SFTP transfer job 'Test Job'
2025-03-17 21:07:39.778 | DEBUG    | Job 1 - Source path: /
2025-03-17 21:07:39.779 | DEBUG    | Job 1 - Destination path: /
2025-03-17 21:07:39.779 | DEBUG    | Job 1 - File pattern: *
2025-03-17 21:07:44.000 | INFO     | Job 1 - SFTP transfer complete: Successfully transferred 9 files
2025-03-17 21:07:44.006 | INFO     | Job 1 - Files transferred: dummy_20250113125251_8bff0419-a0c9-41c0-bda2-9d6710325172.dat → test-dummy_20250113125251_8bff0419-a0c9-41c0-bda2-9d6710325172.dat (1.02 MB), dummy_20250113125751_bc4a504c-072b-48fc-90f2-23e2dde8f78a.dat → test-dummy_20250113125751_bc4a504c-072b-48fc-90f2-23e2dde8f78a.dat (1.30 MB), dummy_20250113125751_e0b47810-da80-4119-a8b4-cf5ffaab9627.dat → test-dummy_20250113125751_e0b47810-da80-4119-a8b4-cf5ffaab9627.dat (2.18 MB), dummy_20250113125751_fd6cc63e-c7eb-4dd3-b003-49b96cf52942.dat → test-dummy_20250113125751_fd6cc63e-c7eb-4dd3-b003-49b96cf52942.dat (1.63 MB), dummy_20250113125751_ff3a084c-6b19-4789-a3cf-5a5cb5bd4483.dat → test-dummy_20250113125751_ff3a084c-6b19-4789-a3cf-5a5cb5bd4483.dat (1.85 MB), dummy_20250113130251_5c1bb9fc-f8c7-48c6-a08a-866bb59bafc6.dat → test-dummy_20250113130251_5c1bb9fc-f8c7-48c6-a08a-866bb59bafc6.dat (2.15 MB), dummy_20250113130252_1085e689-d6b4-4e07-9824-d3fa23ec8b3a.dat → test-dummy_20250113130252_1085e689-d6b4-4e07-9824-d3fa23ec8b3a.dat (2.54 MB), dummy_20250113130252_167ce636-86bf-48e2-8362-4e4f2e9fe91b.dat → test-dummy_20250113130252_167ce636-86bf-48e2-8362-4e4f2e9fe91b.dat (1.88 MB), dummy_20250113130252_2298649a-fbe3-4fee-8f14-760b674734ad.dat → test-dummy_20250113130252_2298649a-fbe3-4fee-8f14-760b674734ad.dat (1.64 MB)
2025-03-17 21:07:44.019 | INFO     | Job 1 - Job completed successfully: Successfully transferred 9 files
2025-03-17 21:07:44.020 | INFO     | Job 1 - Job execution task e76680be-ff02-48bb-8fe7-6cd09f844bea completed with status: success
2025-03-17 21:07:44.026 | INFO     | Job 1 - Updated task status in job configuration to success
2025-03-17 21:16:20.276 | INFO     | Job 1 - Starting job execution task 41d204bb-438b-4a6a-9e75-c6188a687ef1 for job ID: 1
2025-03-17 21:16:20.301 | INFO     | Job 1 - Executing job 'Test Job' (ID: 1)
2025-03-17 21:16:20.304 | INFO     | Job 1 - Running SFTP transfer job 'Test Job'
2025-03-17 21:16:20.304 | DEBUG    | Job 1 - Source path: /
2025-03-17 21:16:20.305 | DEBUG    | Job 1 - Destination path: /
2025-03-17 21:16:20.305 | DEBUG    | Job 1 - File pattern: *
2025-03-17 21:16:24.844 | INFO     | Job 1 - SFTP transfer complete: Successfully transferred 9 files
2025-03-17 21:16:24.850 | INFO     | Job 1 - Files transferred: dummy_20250113125251_8bff0419-a0c9-41c0-bda2-9d6710325172.dat → test-dummy_20250113125251_8bff0419-a0c9-41c0-bda2-9d6710325172.dat (1.02 MB), dummy_20250113125751_bc4a504c-072b-48fc-90f2-23e2dde8f78a.dat → test-dummy_20250113125751_bc4a504c-072b-48fc-90f2-23e2dde8f78a.dat (1.30 MB), dummy_20250113125751_e0b47810-da80-4119-a8b4-cf5ffaab9627.dat → test-dummy_20250113125751_e0b47810-da80-4119-a8b4-cf5ffaab9627.dat (2.18 MB), dummy_20250113125751_fd6cc63e-c7eb-4dd3-b003-49b96cf52942.dat → test-dummy_20250113125751_fd6cc63e-c7eb-4dd3-b003-49b96cf52942.dat (1.63 MB), dummy_20250113125751_ff3a084c-6b19-4789-a3cf-5a5cb5bd4483.dat → test-dummy_20250113125751_ff3a084c-6b19-4789-a3cf-5a5cb5bd4483.dat (1.85 MB), dummy_20250113130251_5c1bb9fc-f8c7-48c6-a08a-866bb59bafc6.dat → test-dummy_20250113130251_5c1bb9fc-f8c7-48c6-a08a-866bb59bafc6.dat (2.15 MB), dummy_20250113130252_1085e689-d6b4-4e07-9824-d3fa23ec8b3a.dat → test-dummy_20250113130252_1085e689-d6b4-4e07-9824-d3fa23ec8b3a.dat (2.54 MB), dummy_20250113130252_167ce636-86bf-48e2-8362-4e4f2e9fe91b.dat → test-dummy_20250113130252_167ce636-86bf-48e2-8362-4e4f2e9fe91b.dat (1.88 MB), dummy_20250113130252_2298649a-fbe3-4fee-8f14-760b674734ad.dat → test-dummy_20250113130252_2298649a-fbe3-4fee-8f14-760b674734ad.dat (1.64 MB)
2025-03-17 21:16:24.863 | INFO     | Job 1 - Job completed successfully: Successfully transferred 9 files
2025-03-17 21:16:24.864 | INFO     | Job 1 - Job execution task 41d204bb-438b-4a6a-9e75-c6188a687ef1 completed with status: success
2025-03-17 21:16:24.870 | INFO     | Job 1 - Updated task status in job configuration to success
2025-03-17 21:17:35.289 | INFO     | Job 1 - Starting job execution task bf630ee2-a533-4fe8-9878-ba834225b98f for job ID: 1
2025-03-17 21:17:35.315 | INFO     | Job 1 - Executing job 'Test Job' (ID: 1)
2025-03-17 21:17:35.318 | INFO     | Job 1 - Running SFTP transfer job 'Test Job'
2025-03-17 21:17:35.318 | DEBUG    | Job 1 - Source path: /
2025-03-17 21:17:35.319 | DEBUG    | Job 1 - Destination path: /
2025-03-17 21:17:35.320 | DEBUG    | Job 1 - File pattern: *
2025-03-17 21:17:39.869 | INFO     | Job 1 - SFTP transfer complete: Successfully transferred 9 files
2025-03-17 21:17:39.878 | INFO     | Job 1 - Files transferred: dummy_20250113125251_8bff0419-a0c9-41c0-bda2-9d6710325172.dat → test-dummy_20250113125251_8bff0419-a0c9-41c0-bda2-9d6710325172.dat (1.02 MB), dummy_20250113125751_bc4a504c-072b-48fc-90f2-23e2dde8f78a.dat → test-dummy_20250113125751_bc4a504c-072b-48fc-90f2-23e2dde8f78a.dat (1.30 MB), dummy_20250113125751_e0b47810-da80-4119-a8b4-cf5ffaab9627.dat → test-dummy_20250113125751_e0b47810-da80-4119-a8b4-cf5ffaab9627.dat (2.18 MB), dummy_20250113125751_fd6cc63e-c7eb-4dd3-b003-49b96cf52942.dat → test-dummy_20250113125751_fd6cc63e-c7eb-4dd3-b003-49b96cf52942.dat (1.63 MB), dummy_20250113125751_ff3a084c-6b19-4789-a3cf-5a5cb5bd4483.dat → test-dummy_20250113125751_ff3a084c-6b19-4789-a3cf-5a5cb5bd4483.dat (1.85 MB), dummy_20250113130251_5c1bb9fc-f8c7-48c6-a08a-866bb59bafc6.dat → test-dummy_20250113130251_5c1bb9fc-f8c7-48c6-a08a-866bb59bafc6.dat (2.15 MB), dummy_20250113130252_1085e689-d6b4-4e07-9824-d3fa23ec8b3a.dat → test-dummy_20250113130252_1085e689-d6b4-4e07-9824-d3fa23ec8b3a.dat (2.54 MB), dummy_20250113130252_167ce636-86bf-48e2-8362-4e4f2e9fe91b.dat → test-dummy_20250113130252_167ce636-86bf-48e2-8362-4e4f2e9fe91b.dat (1.88 MB), dummy_20250113130252_2298649a-fbe3-4fee-8f14-760b674734ad.dat → test-dummy_20250113130252_2298649a-fbe3-4fee-8f14-760b674734ad.dat (1.64 MB)
2025-03-17 21:17:39.891 | INFO     | Job 1 - Job completed successfully: Successfully transferred 9 files
2025-03-17 21:17:39.892 | INFO     | Job 1 - Job execution task bf630ee2-a533-4fe8-9878-ba834225b98f completed with status: success
2025-03-17 21:17:39.900 | INFO     | Job 1 - Updated task status in job configuration to success
